{
  "stats": {
    "suites": 1,
    "tests": 8,
    "passes": 8,
    "pending": 0,
    "failures": 0,
    "start": "2022-11-19T12:51:08.172Z",
    "end": "2022-11-19T12:51:24.844Z",
    "duration": 16672,
    "testsRegistered": 8,
    "passPercent": 100,
    "pendingPercent": 0,
    "other": 0,
    "hasOther": false,
    "skipped": 0,
    "hasSkipped": false
  },
  "results": [
    {
      "uuid": "f664da4d-6c72-4537-9c59-ad5e2e7d6b6c",
      "title": "",
      "fullFile": "C:\\Users\\Пользователь\\IT-Academy-JS\\lesson17\\test\\lesson17.test.js",
      "file": "\\test\\lesson17.test.js",
      "beforeHooks": [],
      "afterHooks": [],
      "tests": [],
      "suites": [
        {
          "uuid": "6a3e5080-dd15-4c2f-8c8b-07c2d18f0865",
          "title": "lesson 17 homework",
          "fullFile": "C:\\Users\\Пользователь\\IT-Academy-JS\\lesson17\\test\\lesson17.test.js",
          "file": "\\test\\lesson17.test.js",
          "beforeHooks": [
            {
              "title": "\"before all\" hook in \"lesson 17 homework\"",
              "fullTitle": "lesson 17 homework \"before all\" hook in \"lesson 17 homework\"",
              "timedOut": false,
              "duration": 5006,
              "state": null,
              "speed": null,
              "pass": false,
              "fail": false,
              "pending": false,
              "context": null,
              "code": "// 1) зайти на сайт https://chromedriver.chromium.org/home\nawait driver.get(\"https://chromedriver.chromium.org/home\");\n// развернуть окно\nawait driver.manage().window().maximize();",
              "err": {},
              "uuid": "def0cff3-9b19-45d8-84ba-68601b5bfa8b",
              "parentUUID": "6a3e5080-dd15-4c2f-8c8b-07c2d18f0865",
              "isHook": true,
              "skipped": false
            }
          ],
          "afterHooks": [],
          "tests": [
            {
              "title": "Page title should be equivalent to ChromeDriver - WebDriver for Chrome",
              "fullTitle": "lesson 17 homework Page title should be equivalent to ChromeDriver - WebDriver for Chrome",
              "timedOut": false,
              "duration": 6,
              "state": "passed",
              "speed": "fast",
              "pass": true,
              "fail": false,
              "pending": false,
              "context": null,
              "code": "await checkPageTitle(homePageTitleText);",
              "err": {},
              "uuid": "408924ea-51b6-4b0c-9d88-58a2a5a3ae90",
              "parentUUID": "6a3e5080-dd15-4c2f-8c8b-07c2d18f0865",
              "isHook": false,
              "skipped": false
            },
            {
              "title": "Page h1 element should have text 'ChromeDriver'",
              "fullTitle": "lesson 17 homework Page h1 element should have text 'ChromeDriver'",
              "timedOut": false,
              "duration": 32,
              "state": "passed",
              "speed": "fast",
              "pass": true,
              "fail": false,
              "pending": false,
              "context": null,
              "code": "const h1Element = \"//h1/span\";\nawait checkElementText(h1Element,\"ChromeDriver\");",
              "err": {},
              "uuid": "fd132f50-6323-4b5f-b50d-d2e3fad87cbb",
              "parentUUID": "6a3e5080-dd15-4c2f-8c8b-07c2d18f0865",
              "isHook": false,
              "skipped": false
            },
            {
              "title": "Click Chrome Extensions link in the nav should lead to the '/extensions' page",
              "fullTitle": "lesson 17 homework Click Chrome Extensions link in the nav should lead to the '/extensions' page",
              "timedOut": false,
              "duration": 1143,
              "state": "passed",
              "speed": "slow",
              "pass": true,
              "fail": false,
              "pending": false,
              "context": null,
              "code": "const dropdown = await driver.findElement(By.css('.oXBWEc > .PsKE7e [jscontroller=\"yUHiM\"]'));\nconst extensionsLink = await driver\n  .findElement(By.xpath('//*[@class=\"PsKE7e qV4dIc Qrrb5 YSH9J\"]//a[text()=\"Chrome Extensions\"]'));\nawait driver.actions().click(dropdown).perform();\nawait driver.actions().click(extensionsLink).perform();\nawait driver.wait(until.urlContains('/extensions'), 10000);",
              "err": {},
              "uuid": "625567de-8450-42cf-acd8-5830cd36fefb",
              "parentUUID": "6a3e5080-dd15-4c2f-8c8b-07c2d18f0865",
              "isHook": false,
              "skipped": false
            },
            {
              "title": "Page title should be equivalent to ChromeDriver - WebDriver for Chrome - Chrome Extensions",
              "fullTitle": "lesson 17 homework Page title should be equivalent to ChromeDriver - WebDriver for Chrome - Chrome Extensions",
              "timedOut": false,
              "duration": 5,
              "state": "passed",
              "speed": "fast",
              "pass": true,
              "fail": false,
              "pending": false,
              "context": null,
              "code": "await checkPageTitle(chromeExtensionsPageTitleText);",
              "err": {},
              "uuid": "ae3c84de-2855-4e61-bbba-34985a534f2c",
              "parentUUID": "6a3e5080-dd15-4c2f-8c8b-07c2d18f0865",
              "isHook": false,
              "skipped": false
            },
            {
              "title": "HighLight new page Title",
              "fullTitle": "lesson 17 homework HighLight new page Title",
              "timedOut": false,
              "duration": 2024,
              "state": "passed",
              "speed": "slow",
              "pass": true,
              "fail": false,
              "pending": false,
              "context": null,
              "code": "const title = await driver.findElement(By.css(\".jXK9ad-SmKAyb .Rn3Z1b\"));\ndriver.executeScript(\"arguments[0].style.backgroundColor = 'green'\", title);\nawait driver.sleep(2000);",
              "err": {},
              "uuid": "85ab9069-9c42-4ffc-90fc-dd342c52bee2",
              "parentUUID": "6a3e5080-dd15-4c2f-8c8b-07c2d18f0865",
              "isHook": false,
              "skipped": false
            },
            {
              "title": "Page h1 element should have text \"Chrome Extensions\"",
              "fullTitle": "lesson 17 homework Page h1 element should have text \"Chrome Extensions\"",
              "timedOut": false,
              "duration": 26,
              "state": "passed",
              "speed": "fast",
              "pass": true,
              "fail": false,
              "pending": false,
              "context": null,
              "code": "const h1Element = \"//h1/span\";\nawait checkElementText(h1Element, \"Chrome Extensions\");",
              "err": {},
              "uuid": "b3a00c71-748f-46d2-9c03-d8016ddf0d52",
              "parentUUID": "6a3e5080-dd15-4c2f-8c8b-07c2d18f0865",
              "isHook": false,
              "skipped": false
            },
            {
              "title": "The first link \"driver\" search contains \"driver\"",
              "fullTitle": "lesson 17 homework The first link \"driver\" search contains \"driver\"",
              "timedOut": false,
              "duration": 1773,
              "state": "passed",
              "speed": "slow",
              "pass": true,
              "fail": false,
              "pending": false,
              "context": null,
              "code": "// 6. Перейти на страницу поиска\nawait  driver.get(\"https://chromedriver.chromium.org/_/search\");\nconst sershField = await driver.findElement(By.css('[type=\"search\"]'));\n// 7. Ввести driver в поиск\nawait sershField.sendKeys(\"driver\", Key.ENTER);\nawait driver.sleep(1000);\n// 8. Проверить, что первая ссылка содержит слово driver\nconst firstResult = await driver.findElement(By.xpath('//*[@class=\"lZsZxe\"]//a[1]'));\nconst link = await firstResult.getAttribute(\"href\");\nconst linkInnerText = \"driver\";\n// выведем линк в консоль для отладки теста\nconsole.log(link);\nassert.isTrue(link.includes(linkInnerText));",
              "err": {},
              "uuid": "c5b0ab95-4e7c-41d8-8757-12e8e9f4100f",
              "parentUUID": "6a3e5080-dd15-4c2f-8c8b-07c2d18f0865",
              "isHook": false,
              "skipped": false
            },
            {
              "title": "Go to More and check the URL",
              "fullTitle": "lesson 17 homework Go to More and check the URL",
              "timedOut": false,
              "duration": 6643,
              "state": "passed",
              "speed": "slow",
              "pass": true,
              "fail": false,
              "pending": false,
              "context": null,
              "code": "await driver.get('https://chromedriver.chromium.org/');\nconst addTab = await driver.findElement(By.xpath(\"//*[text()='More']\"));\nawait driver.actions().move({origin: addTab}).perform();\nconst dropdownsElements = await driver.findElement(By.xpath('//li[@class=\\'ijMPi\\']//div[@class=\\'I35ICb\\']//a[text()=\"Mobile Emulation\"]'));\nawait driver.wait(until.elementIsVisible(dropdownsElements));\nawait dropdownsElements.click();\nawait driver.wait(until.urlContains('/mobile-emulation'), 10000);",
              "err": {},
              "uuid": "5f5671a7-7c7e-4eef-9a74-84d13c7dc27a",
              "parentUUID": "6a3e5080-dd15-4c2f-8c8b-07c2d18f0865",
              "isHook": false,
              "skipped": false
            }
          ],
          "suites": [],
          "passes": [
            "408924ea-51b6-4b0c-9d88-58a2a5a3ae90",
            "fd132f50-6323-4b5f-b50d-d2e3fad87cbb",
            "625567de-8450-42cf-acd8-5830cd36fefb",
            "ae3c84de-2855-4e61-bbba-34985a534f2c",
            "85ab9069-9c42-4ffc-90fc-dd342c52bee2",
            "b3a00c71-748f-46d2-9c03-d8016ddf0d52",
            "c5b0ab95-4e7c-41d8-8757-12e8e9f4100f",
            "5f5671a7-7c7e-4eef-9a74-84d13c7dc27a"
          ],
          "failures": [],
          "pending": [],
          "skipped": [],
          "duration": 11652,
          "root": false,
          "rootEmpty": false,
          "_timeout": 30000
        }
      ],
      "passes": [],
      "failures": [],
      "pending": [],
      "skipped": [],
      "duration": 0,
      "root": true,
      "rootEmpty": true,
      "_timeout": 30000
    }
  ],
  "meta": {
    "mocha": {
      "version": "10.1.0"
    },
    "mochawesome": {
      "options": {
        "quiet": false,
        "reportFilename": "mochawesome",
        "saveHtml": true,
        "saveJson": true,
        "consoleReporter": "spec",
        "useInlineDiffs": false,
        "code": true
      },
      "version": "7.1.3"
    },
    "marge": {
      "options": null,
      "version": "6.2.0"
    }
  }
}